11-14 21:54:06 com_github_MitjaNemec_ReplicateLayout.action_replicate_layout 392:Plugin executed on: 'linux'
11-14 21:54:06 com_github_MitjaNemec_ReplicateLayout.action_replicate_layout 393:Plugin executed with python version: '3.12.7 (main, Oct  1 2024, 11:15:50) [GCC 14.2.1 20240910]'
11-14 21:54:06 com_github_MitjaNemec_ReplicateLayout.action_replicate_layout 394:KiCad build version: 8.0.6
11-14 21:54:06 com_github_MitjaNemec_ReplicateLayout.action_replicate_layout 395:Plugin version: 3.0.3
11-14 21:54:06 com_github_MitjaNemec_ReplicateLayout.action_replicate_layout 396:Frame repr: <wx._core.Frame object at 0x7f688cdf3530>
11-14 21:54:06 com_github_MitjaNemec_ReplicateLayout.action_replicate_layout 420:Preparing replicator with J201 as a reference
11-14 21:54:06 com_github_MitjaNemec_ReplicateLayout.replicate_layout 117:getting a list of all footprints on board
11-14 21:54:06 com_github_MitjaNemec_ReplicateLayout.action_replicate_layout 468:source anchor footprint is 'J201'
Located on: ['Aux USB1']
With filenames: ['aux-usb.kicad_sch']
With sheet_id:['Aux USB1']
11-14 21:54:06 com_github_MitjaNemec_ReplicateLayout.action_replicate_layout 475:Corresponding footprints are 
[('J201', ['Aux USB1']), ('J401', ['Aux USB3']), ('J301', ['Aux USB2'])]
11-14 21:54:06 com_github_MitjaNemec_ReplicateLayout.action_replicate_layout 487:Showing dialog
11-14 21:54:06 com_github_MitjaNemec_ReplicateLayout.replicate_layout 472:constructing a list of sheets suitable for replication on level:'Aux USB1', file:'aux-usb.kicad_sch'
11-14 21:54:06 com_github_MitjaNemec_ReplicateLayout.replicate_layout 509:suitable sheets are:[['Aux USB2'], ['Aux USB3']]
11-14 21:54:07 com_github_MitjaNemec_ReplicateLayout.replicate_layout 1507:Level selected: ['Aux USB1']
11-14 21:54:07 com_github_MitjaNemec_ReplicateLayout.replicate_layout 1331:Filtering list of tracks
11-14 21:54:07 com_github_MitjaNemec_ReplicateLayout.action_replicate_layout 493:Toolbar position: wx.Point(1449, 136)
11-14 21:54:07 com_github_MitjaNemec_ReplicateLayout.action_replicate_layout 498:Dialog position: wx.Point(1010, 136)
11-14 21:54:17 com_github_MitjaNemec_ReplicateLayout.replicate_layout 472:constructing a list of sheets suitable for replication on level:'Aux USB1', file:'aux-usb.kicad_sch'
11-14 21:54:17 com_github_MitjaNemec_ReplicateLayout.replicate_layout 509:suitable sheets are:[['Aux USB2'], ['Aux USB3']]
11-14 21:54:17 com_github_MitjaNemec_ReplicateLayout.replicate_layout 1507:Level selected: ['Aux USB1']
11-14 21:54:17 com_github_MitjaNemec_ReplicateLayout.replicate_layout 1331:Filtering list of tracks
11-14 21:54:19 com_github_MitjaNemec_ReplicateLayout.replicate_layout 472:constructing a list of sheets suitable for replication on level:'Aux USB1', file:'aux-usb.kicad_sch'
11-14 21:54:19 com_github_MitjaNemec_ReplicateLayout.replicate_layout 509:suitable sheets are:[['Aux USB2'], ['Aux USB3']]
11-14 21:54:19 com_github_MitjaNemec_ReplicateLayout.replicate_layout 1507:Level selected: ['Aux USB1']
11-14 21:54:19 com_github_MitjaNemec_ReplicateLayout.replicate_layout 1331:Filtering list of tracks
11-14 21:54:20 com_github_MitjaNemec_ReplicateLayout.replicate_layout 472:constructing a list of sheets suitable for replication on level:'Aux USB1', file:'aux-usb.kicad_sch'
11-14 21:54:20 com_github_MitjaNemec_ReplicateLayout.replicate_layout 509:suitable sheets are:[['Aux USB2'], ['Aux USB3']]
11-14 21:54:20 com_github_MitjaNemec_ReplicateLayout.replicate_layout 1507:Level selected: ['Aux USB1']
11-14 21:54:20 com_github_MitjaNemec_ReplicateLayout.replicate_layout 1331:Filtering list of tracks
11-14 21:54:21 com_github_MitjaNemec_ReplicateLayout.replicate_layout 472:constructing a list of sheets suitable for replication on level:'Aux USB1', file:'aux-usb.kicad_sch'
11-14 21:54:21 com_github_MitjaNemec_ReplicateLayout.replicate_layout 509:suitable sheets are:[['Aux USB2'], ['Aux USB3']]
11-14 21:54:21 com_github_MitjaNemec_ReplicateLayout.replicate_layout 1507:Level selected: ['Aux USB1']
11-14 21:54:21 com_github_MitjaNemec_ReplicateLayout.replicate_layout 1331:Filtering list of tracks
11-14 21:54:22 com_github_MitjaNemec_ReplicateLayout.replicate_layout 472:constructing a list of sheets suitable for replication on level:'Aux USB1', file:'aux-usb.kicad_sch'
11-14 21:54:22 com_github_MitjaNemec_ReplicateLayout.replicate_layout 509:suitable sheets are:[['Aux USB2'], ['Aux USB3']]
11-14 21:54:22 com_github_MitjaNemec_ReplicateLayout.replicate_layout 1507:Level selected: ['Aux USB1']
11-14 21:54:22 com_github_MitjaNemec_ReplicateLayout.replicate_layout 1331:Filtering list of tracks
11-14 21:54:22 com_github_MitjaNemec_ReplicateLayout.replicate_layout 472:constructing a list of sheets suitable for replication on level:'Aux USB1', file:'aux-usb.kicad_sch'
11-14 21:54:22 com_github_MitjaNemec_ReplicateLayout.replicate_layout 509:suitable sheets are:[['Aux USB2'], ['Aux USB3']]
11-14 21:54:23 com_github_MitjaNemec_ReplicateLayout.replicate_layout 1507:Level selected: ['Aux USB1']
11-14 21:54:23 com_github_MitjaNemec_ReplicateLayout.replicate_layout 1331:Filtering list of tracks
11-14 21:54:23 com_github_MitjaNemec_ReplicateLayout.replicate_layout 472:constructing a list of sheets suitable for replication on level:'Aux USB1', file:'aux-usb.kicad_sch'
11-14 21:54:23 com_github_MitjaNemec_ReplicateLayout.replicate_layout 509:suitable sheets are:[['Aux USB2'], ['Aux USB3']]
11-14 21:54:23 com_github_MitjaNemec_ReplicateLayout.replicate_layout 1507:Level selected: ['Aux USB1']
11-14 21:54:23 com_github_MitjaNemec_ReplicateLayout.replicate_layout 1331:Filtering list of tracks
11-14 21:54:29 com_github_MitjaNemec_ReplicateLayout.replicate_layout 472:constructing a list of sheets suitable for replication on level:'Aux USB1', file:'aux-usb.kicad_sch'
11-14 21:54:29 com_github_MitjaNemec_ReplicateLayout.replicate_layout 509:suitable sheets are:[['Aux USB2'], ['Aux USB3']]
11-14 21:54:29 com_github_MitjaNemec_ReplicateLayout.action_replicate_layout 240:Replicating layout
11-14 21:54:29 com_github_MitjaNemec_ReplicateLayout.replicate_layout 288:Starting replication of sheets: [['Aux USB2'], ['Aux USB3']]
on level: ['Aux USB1']
with tracks=True, zone=False, text=True, text=True, intersecting=False, remove=True, locked footprints=False, group_only=False
11-14 21:54:29 root 332:updating GUI message: 'Preparing for replication'
11-14 21:54:29 root 337:updating GUI with: 0
11-14 21:54:29 com_github_MitjaNemec_ReplicateLayout.replicate_layout 358:Getting the list of source footprints
11-14 21:54:29 root 337:updating GUI with: 0
11-14 21:54:29 com_github_MitjaNemec_ReplicateLayout.replicate_layout 368:Getting the list of all the remaining footprints
11-14 21:54:29 com_github_MitjaNemec_ReplicateLayout.replicate_layout 375:Getting source tracks
11-14 21:54:29 com_github_MitjaNemec_ReplicateLayout.replicate_layout 1331:Filtering list of tracks
11-14 21:54:29 com_github_MitjaNemec_ReplicateLayout.replicate_layout 379:Getting source zones
11-14 21:54:29 com_github_MitjaNemec_ReplicateLayout.replicate_layout 383:Getting source text items
11-14 21:54:29 com_github_MitjaNemec_ReplicateLayout.replicate_layout 387:Getting source drawing items
11-14 21:54:29 com_github_MitjaNemec_ReplicateLayout.replicate_layout 320:Removing tracks and zones, before footprint placement
11-14 21:54:29 root 332:updating GUI message: 'Removing zones and tracks'
11-14 21:54:29 root 337:updating GUI with: 0
11-14 21:54:29 com_github_MitjaNemec_ReplicateLayout.replicate_layout 1277:Remove bounding box top:99975000, bottom:119555000, Left:132810000, Right:150903208
11-14 21:54:29 com_github_MitjaNemec_ReplicateLayout.replicate_layout 1277:Remove bounding box top:99975000, bottom:119555000, Left:150903000, Right:168903208
11-14 21:54:29 root 332:updating GUI message: 'Replicating footprints'
11-14 21:54:29 com_github_MitjaNemec_ReplicateLayout.replicate_layout 861:Replicating footprints
11-14 21:54:29 com_github_MitjaNemec_ReplicateLayout.replicate_layout 868:Replicating footprints on sheet ['Aux USB2']
11-14 21:54:29 com_github_MitjaNemec_ReplicateLayout.replicate_layout 985:Src text UUid:c616c4e1-421d-4c15-b3c4-eaeb9f608516
11-14 21:54:29 com_github_MitjaNemec_ReplicateLayout.replicate_layout 986:Dst text UUid:7dfb1c6e-618a-465d-a38a-fdb2090739d7
11-14 21:54:29 com_github_MitjaNemec_ReplicateLayout.replicate_layout 985:Src text UUid:1817d114-7f93-4841-b6fe-77ad6e2ad637
11-14 21:54:29 com_github_MitjaNemec_ReplicateLayout.replicate_layout 986:Dst text UUid:2def3474-cec4-4019-8e0d-fda31ce66de6
11-14 21:54:29 com_github_MitjaNemec_ReplicateLayout.replicate_layout 985:Src text UUid:619a20d7-eb06-4beb-a29a-35e9ec388463
11-14 21:54:29 com_github_MitjaNemec_ReplicateLayout.replicate_layout 986:Dst text UUid:adb05e28-6269-435a-9cee-17bbb78003aa
11-14 21:54:29 com_github_MitjaNemec_ReplicateLayout.replicate_layout 985:Src text UUid:2ca6d527-fa08-454c-9a2f-7c0e7415cf07
11-14 21:54:29 com_github_MitjaNemec_ReplicateLayout.replicate_layout 986:Dst text UUid:0007979b-7741-4acc-9ac2-898c6960cac4
11-14 21:54:29 com_github_MitjaNemec_ReplicateLayout.replicate_layout 985:Src text UUid:21b8b5ba-b119-457e-a037-60c43e8a4e58
11-14 21:54:29 com_github_MitjaNemec_ReplicateLayout.replicate_layout 986:Dst text UUid:b436932a-dbf4-49a2-abfe-f8f7cd478d14
11-14 21:54:29 com_github_MitjaNemec_ReplicateLayout.replicate_layout 985:Src text UUid:b74e9c73-cfb6-44fb-ad89-be762ffc28eb
11-14 21:54:29 com_github_MitjaNemec_ReplicateLayout.replicate_layout 986:Dst text UUid:189f796e-52eb-41ab-a83c-14174315986f
11-14 21:54:29 com_github_MitjaNemec_ReplicateLayout.replicate_layout 985:Src text UUid:ad40af90-ceb2-43f2-b4a4-9d6fc3ef4cb7
11-14 21:54:29 com_github_MitjaNemec_ReplicateLayout.replicate_layout 986:Dst text UUid:23e22580-e124-482b-81bc-fae236d08ea5
11-14 21:54:29 com_github_MitjaNemec_ReplicateLayout.replicate_layout 985:Src text UUid:a53b2dea-38cc-4c89-b8ae-52bd145b58ef
11-14 21:54:29 com_github_MitjaNemec_ReplicateLayout.replicate_layout 986:Dst text UUid:e0c9d48e-83d5-4691-926f-841f4da18160
11-14 21:54:29 com_github_MitjaNemec_ReplicateLayout.replicate_layout 985:Src text UUid:d8aea07f-d658-4666-b575-e053edb41134
11-14 21:54:29 com_github_MitjaNemec_ReplicateLayout.replicate_layout 986:Dst text UUid:2984e140-4057-4a92-8358-2d0ed5dfeee1
11-14 21:54:29 com_github_MitjaNemec_ReplicateLayout.replicate_layout 868:Replicating footprints on sheet ['Aux USB3']
11-14 21:54:29 com_github_MitjaNemec_ReplicateLayout.replicate_layout 985:Src text UUid:c616c4e1-421d-4c15-b3c4-eaeb9f608516
11-14 21:54:29 com_github_MitjaNemec_ReplicateLayout.replicate_layout 986:Dst text UUid:31437c23-c66f-4f49-b706-a2f83ec50985
11-14 21:54:29 com_github_MitjaNemec_ReplicateLayout.replicate_layout 985:Src text UUid:1817d114-7f93-4841-b6fe-77ad6e2ad637
11-14 21:54:29 com_github_MitjaNemec_ReplicateLayout.replicate_layout 986:Dst text UUid:8f3d5865-e9cc-4960-be89-701fde3425a2
11-14 21:54:29 com_github_MitjaNemec_ReplicateLayout.replicate_layout 985:Src text UUid:619a20d7-eb06-4beb-a29a-35e9ec388463
11-14 21:54:29 com_github_MitjaNemec_ReplicateLayout.replicate_layout 986:Dst text UUid:f655fba9-25f7-4b3e-991d-22959525ca0c
11-14 21:54:29 com_github_MitjaNemec_ReplicateLayout.replicate_layout 985:Src text UUid:2ca6d527-fa08-454c-9a2f-7c0e7415cf07
11-14 21:54:29 com_github_MitjaNemec_ReplicateLayout.replicate_layout 986:Dst text UUid:beb41a99-8db6-46ca-9af9-3d69c6885c0f
11-14 21:54:29 com_github_MitjaNemec_ReplicateLayout.replicate_layout 985:Src text UUid:21b8b5ba-b119-457e-a037-60c43e8a4e58
11-14 21:54:29 com_github_MitjaNemec_ReplicateLayout.replicate_layout 986:Dst text UUid:14ced26d-65b6-4d20-9b03-f8376a1b77fd
11-14 21:54:29 com_github_MitjaNemec_ReplicateLayout.replicate_layout 985:Src text UUid:b74e9c73-cfb6-44fb-ad89-be762ffc28eb
11-14 21:54:29 com_github_MitjaNemec_ReplicateLayout.replicate_layout 986:Dst text UUid:39f88aec-ac68-4e89-8237-7bbe5aff17eb
11-14 21:54:29 com_github_MitjaNemec_ReplicateLayout.replicate_layout 985:Src text UUid:ad40af90-ceb2-43f2-b4a4-9d6fc3ef4cb7
11-14 21:54:29 com_github_MitjaNemec_ReplicateLayout.replicate_layout 986:Dst text UUid:c6f5c397-4e19-4797-a3ee-38fb0d13f697
11-14 21:54:29 com_github_MitjaNemec_ReplicateLayout.replicate_layout 985:Src text UUid:a53b2dea-38cc-4c89-b8ae-52bd145b58ef
11-14 21:54:29 com_github_MitjaNemec_ReplicateLayout.replicate_layout 986:Dst text UUid:70a065fc-0eaa-4891-969b-6752416f32dd
11-14 21:54:29 com_github_MitjaNemec_ReplicateLayout.replicate_layout 985:Src text UUid:d8aea07f-d658-4666-b575-e053edb41134
11-14 21:54:29 com_github_MitjaNemec_ReplicateLayout.replicate_layout 986:Dst text UUid:5fd5af12-f140-4515-a97b-dd558b8a1198
11-14 21:54:29 com_github_MitjaNemec_ReplicateLayout.replicate_layout 328:Removing tracks and zones, after footprint placement
11-14 21:54:29 root 332:updating GUI message: 'Removing zones and tracks'
11-14 21:54:29 com_github_MitjaNemec_ReplicateLayout.replicate_layout 1277:Remove bounding box top:99975000, bottom:119555000, Left:132903000, Right:150903208
11-14 21:54:29 com_github_MitjaNemec_ReplicateLayout.replicate_layout 1277:Remove bounding box top:99975000, bottom:119555000, Left:150903000, Right:168903208
11-14 21:54:29 root 332:updating GUI message: 'Replicating tracks'
11-14 21:54:29 com_github_MitjaNemec_ReplicateLayout.replicate_layout 1009:Replicating tracks
11-14 21:54:29 root 337:updating GUI with: 0
11-14 21:54:29 com_github_MitjaNemec_ReplicateLayout.replicate_layout 1015:Replicating tracks on sheet ['Aux USB2']
11-14 21:54:29 com_github_MitjaNemec_ReplicateLayout.replicate_layout 792:Net pairs for sheet ['Aux USB2'] :[('/D4USB+', '/D3USB+'), ('+5V', '+5V'), ('/D4USB-', '/D3USB-'), ('GND', 'GND')]
11-14 21:54:29 com_github_MitjaNemec_ReplicateLayout.replicate_layout 1015:Replicating tracks on sheet ['Aux USB3']
11-14 21:54:29 com_github_MitjaNemec_ReplicateLayout.replicate_layout 792:Net pairs for sheet ['Aux USB3'] :[('/D4USB-', '/D2USB-'), ('/D4USB+', '/D2USB+'), ('+5V', '+5V'), ('GND', 'GND')]
11-14 21:54:29 root 332:updating GUI message: 'Replicating text'
11-14 21:54:29 com_github_MitjaNemec_ReplicateLayout.replicate_layout 1168:Replicating text
11-14 21:54:29 com_github_MitjaNemec_ReplicateLayout.replicate_layout 1175:Replicating text on sheet ['Aux USB2']
11-14 21:54:29 com_github_MitjaNemec_ReplicateLayout.replicate_layout 1175:Replicating text on sheet ['Aux USB3']
11-14 21:54:29 root 332:updating GUI message: 'Replicating drawings'
11-14 21:54:29 com_github_MitjaNemec_ReplicateLayout.replicate_layout 1219:Replicating drawings
11-14 21:54:29 com_github_MitjaNemec_ReplicateLayout.replicate_layout 1225:Replicating drawings on sheet ['Aux USB2']
11-14 21:54:29 com_github_MitjaNemec_ReplicateLayout.replicate_layout 1225:Replicating drawings on sheet ['Aux USB3']
11-14 21:54:29 root 332:updating GUI message: 'Removing duplicates'
11-14 21:54:30 com_github_MitjaNemec_ReplicateLayout.action_replicate_layout 256:Replication complete
